<?xml version="1.0" encoding="UTF-8"?>
<testsuite xmlns:xsi="http://www.w3.org/2001/XMLSchema-instance" xsi:noNamespaceSchemaLocation="https://maven.apache.org/surefire/maven-surefire-plugin/xsd/surefire-test-report.xsd" name="com.formyproject.tests.FormyTest" time="24.292" tests="3" errors="0" skipped="0" failures="0">
  <properties>
[...]
</properties>
  <testcase name="testAutoCompleteForm" classname="com.formyproject.tests.FormyTest" time="5.431"/>
  <testcase name="testCheckbox" classname="com.formyproject.tests.FormyTest" time="3.485"/>
  <testcase name="testFormSubmission" classname="com.formyproject.tests.FormyTest" time="5.803"/>
</testsuite>