<?xml version="1.0" encoding="UTF-8"?>
<testng-results ignored="0" total="3" passed="3" failed="0" skipped="0">
  <reporter-output>
  </reporter-output>
  <suite started-at="2025-04-08T06:11:21 GMT-04:00" name="Surefire suite" finished-at="2025-04-08T06:11:44 GMT-04:00" duration-ms="23199">
    <groups>
    </groups>
    <test started-at="2025-04-08T06:11:21 GMT-04:00" name="Surefire test" finished-at="2025-04-08T06:11:44 GMT-04:00" duration-ms="23199">
      <class name="com.formyproject.tests.FormyTest">
        <test-method is-config="true" signature="setUp()[pri:0, instance:com.formyproject.tests.FormyTest@7c83dc97]" started-at="2025-04-08T06:11:21 GMT-04:00" name="setUp" finished-at="2025-04-08T06:11:26 GMT-04:00" duration-ms="4366" status="PASS">
          <reporter-output>
          </reporter-output>
        </test-method> <!-- setUp -->
        <test-method signature="testAutoCompleteForm()[pri:0, instance:com.formyproject.tests.FormyTest@7c83dc97]" started-at="2025-04-08T06:11:26 GMT-04:00" name="testAutoCompleteForm" finished-at="2025-04-08T06:11:31 GMT-04:00" duration-ms="5425" status="PASS">
          <reporter-output>
          </reporter-output>
        </test-method> <!-- testAutoCompleteForm -->
        <test-method is-config="true" signature="tearDown()[pri:0, instance:com.formyproject.tests.FormyTest@7c83dc97]" started-at="2025-04-08T06:11:31 GMT-04:00" name="tearDown" finished-at="2025-04-08T06:11:32 GMT-04:00" duration-ms="683" status="PASS">
          <reporter-output>
          </reporter-output>
        </test-method> <!-- tearDown -->
        <test-method is-config="true" signature="setUp()[pri:0, instance:com.formyproject.tests.FormyTest@7c83dc97]" started-at="2025-04-08T06:11:32 GMT-04:00" name="setUp" finished-at="2025-04-08T06:11:33 GMT-04:00" duration-ms="1296" status="PASS">
          <reporter-output>
          </reporter-output>
        </test-method> <!-- setUp -->
        <test-method signature="testCheckbox()[pri:0, instance:com.formyproject.tests.FormyTest@7c83dc97]" started-at="2025-04-08T06:11:33 GMT-04:00" name="testCheckbox" finished-at="2025-04-08T06:11:37 GMT-04:00" duration-ms="3485" status="PASS">
          <reporter-output>
          </reporter-output>
        </test-method> <!-- testCheckbox -->
        <test-method is-config="true" signature="tearDown()[pri:0, instance:com.formyproject.tests.FormyTest@7c83dc97]" started-at="2025-04-08T06:11:37 GMT-04:00" name="tearDown" finished-at="2025-04-08T06:11:37 GMT-04:00" duration-ms="429" status="PASS">
          <reporter-output>
          </reporter-output>
        </test-method> <!-- tearDown -->
        <test-method is-config="true" signature="setUp()[pri:0, instance:com.formyproject.tests.FormyTest@7c83dc97]" started-at="2025-04-08T06:11:37 GMT-04:00" name="setUp" finished-at="2025-04-08T06:11:38 GMT-04:00" duration-ms="1276" status="PASS">
          <reporter-output>
          </reporter-output>
        </test-method> <!-- setUp -->
        <test-method signature="testFormSubmission()[pri:0, instance:com.formyproject.tests.FormyTest@7c83dc97]" started-at="2025-04-08T06:11:38 GMT-04:00" name="testFormSubmission" finished-at="2025-04-08T06:11:44 GMT-04:00" duration-ms="5803" status="PASS">
          <reporter-output>
          </reporter-output>
        </test-method> <!-- testFormSubmission -->
        <test-method is-config="true" signature="tearDown()[pri:0, instance:com.formyproject.tests.FormyTest@7c83dc97]" started-at="2025-04-08T06:11:44 GMT-04:00" name="tearDown" finished-at="2025-04-08T06:11:44 GMT-04:00" duration-ms="353" status="PASS">
          <reporter-output>
          </reporter-output>
        </test-method> <!-- tearDown -->
      </class> <!-- com.formyproject.tests.FormyTest -->
    </test> <!-- Surefire test -->
  </suite> <!-- Surefire suite -->
</testng-results>
