<?xml version="1.0" encoding="UTF-8"?>
<!-- Generated by org.testng.reporters.JUnitXMLReporter -->
<testsuite ignored="0" hostname="Sampada" failures="0" tests="3" name="Surefire test" time="23.199" errors="0" timestamp="2025-04-08T06:11:44 GMT-04:00">
  <testcase classname="com.formyproject.tests.FormyTest" name="testAutoCompleteForm" time="5.425"/>
  <testcase classname="com.formyproject.tests.FormyTest" name="testCheckbox" time="3.485"/>
  <testcase classname="com.formyproject.tests.FormyTest" name="testFormSubmission" time="5.803"/>
</testsuite> <!-- Surefire test -->
